<?xml version="1.0" encoding="UTF-8"?>
<!-- Generated by org.testng.reporters.JUnitReportReporter -->
<testsuite hostname="DESKTOP-IOAL4D5" name="TestCases.ValidateNavigation" tests="1" failures="0" timestamp="12 May 2019 11:47:47 GMT" time="86.369" errors="0">
  <testcase name="pagenavigation" time="86.369" classname="TestCases.ValidateNavigation"/>
</testsuite> <!-- TestCases.ValidateNavigation -->
